Missing packages:
PAD.04X.04
0402-CAP
0805-CAP
0603-CAP
1206-CAP
0402-TVS
MICROSMP
SOT23-3
51281-1094
DF13C-3P-1.25V
DF13C-4P-1.25V
DF13C-5P-1.25V
JST-ZH-SMT-VERTICAL
DF13C-6P-1.25V
SJ_3_0603_PASTE1&2
FIDUCIAL-1.5X3
KYOCERA-KNH16-DA
0805-IND
0603-LED
MOUNT-HOLE3.1
OSHW-LOGO-S
SOT23-BEC
0402-RES
0603-RES
PIXHAWK-FIRE-LOGO-30
CREATIVE_COMMONS
DF13C-2P-1.25V
BEAGLEBONE_SHIELD
QFN20-RGY
SOT23-8
PCA9306
MS5611-01BA
QFN-24
MPU-6500
LSM9DS0
BMP280_PRELIM
QFN8-DSG
MLF-8-EPAD
SON10
6-PLCC
TSSOP8_SOT505-2
3X14RA
53047-04
